14:26:02:889 [ALWAYS]	GUDE Logging Started
14:26:02:890 [INFO]	SqliteResumeCache::SqliteResumeCache basedirectory is null/empty
14:26:02:890 [ERROR]	SqliteResumeCache::CreateSqliteResumeCache creating resume cache pointer failure
14:26:02:890 [ERROR]	Initialize resume cache pointer failure
14:26:02:890 [INFO]	gude policy POLICY_USER limit (2,2,1) chunk 2097152, chunking (UL 0 DL 1), resXfer 1, adapt 0, NSURL 0, timeout 86400 
14:26:02:890 [INFO]	Initialized -- gude-lib version: v0.12.1 app: gude
14:26:12:037 [WARN]	Ignoring attempt to reinit logging to \gude at level 4 retaining 3 days of logs
14:26:12:037 [INFO]	SqliteResumeCache::SqliteResumeCache basedirectory is null/empty
14:26:12:037 [ERROR]	SqliteResumeCache::CreateSqliteResumeCache creating resume cache pointer failure
14:26:12:038 [ERROR]	Initialize resume cache pointer failure
14:26:12:038 [INFO]	gude policy POLICY_USER limit (4,4,1) chunk 2097152, chunking (UL 0 DL 1), resXfer 1, adapt 0, NSURL 1, timeout 86400 
14:26:12:038 [INFO]	Initialized -- gude-lib version: v0.12.1 app: gude
15:36:55:167 [ALWAYS]	GUDE Logging Started
15:36:55:167 [INFO]	SqliteResumeCache::SqliteResumeCache basedirectory is null/empty
15:36:55:167 [ERROR]	SqliteResumeCache::CreateSqliteResumeCache creating resume cache pointer failure
15:36:55:167 [ERROR]	Initialize resume cache pointer failure
15:36:55:167 [INFO]	gude policy POLICY_USER limit (2,2,1) chunk 2097152, chunking (UL 0 DL 1), resXfer 1, adapt 0, NSURL 0, timeout 86400 
15:36:55:167 [INFO]	Initialized -- gude-lib version: v0.12.1 app: gude
15:37:01:171 [WARN]	Ignoring attempt to reinit logging to \gude at level 4 retaining 3 days of logs
15:37:01:171 [INFO]	SqliteResumeCache::SqliteResumeCache basedirectory is null/empty
15:37:01:171 [ERROR]	SqliteResumeCache::CreateSqliteResumeCache creating resume cache pointer failure
15:37:01:171 [ERROR]	Initialize resume cache pointer failure
15:37:01:171 [INFO]	gude policy POLICY_USER limit (4,4,1) chunk 2097152, chunking (UL 0 DL 1), resXfer 1, adapt 0, NSURL 1, timeout 86400 
15:37:01:171 [INFO]	Initialized -- gude-lib version: v0.12.1 app: gude
